<?xml version="1.0" encoding="UTF-8"?>
<!-- Generated by org.testng.reporters.JUnitReportReporter -->
<testsuite hostname="Abhijith" failures="0" tests="1" name="bikes.YamahaTest" time="5.235" errors="0" timestamp="2025-03-22T15:37:30 IST" skipped="0">
  <testcase classname="bikes.YamahaTest" name="launch" time="5.235"/>
  <system-out>
    <![CDATA[Yamaha launched]]>
  </system-out>
</testsuite> <!-- bikes.YamahaTest -->
