<?xml version="1.0" encoding="UTF-8"?>
<!-- Generated by org.testng.reporters.JUnitReportReporter -->
<testsuite hostname="Abhijith" failures="0" tests="1" name="bikes.KawasakiTest" time="2.716" errors="0" timestamp="2025-03-22T15:37:30 IST" skipped="0">
  <testcase classname="bikes.KawasakiTest" name="launch" time="2.716"/>
  <system-out>
    <![CDATA[Kawasaki launched]]>
  </system-out>
</testsuite> <!-- bikes.KawasakiTest -->
