<?xml version="1.0" encoding="UTF-8"?>
<!-- Generated by org.testng.reporters.JUnitReportReporter -->
<testsuite hostname="Abhijith" failures="0" tests="1" name="extentreports.LearnExtentReports" time="0.439" errors="0" timestamp="2025-03-23T10:29:57 IST" skipped="0">
  <testcase classname="extentreports.LearnExtentReports" name="createReport" time="0.439"/>
  <system-out/>
</testsuite> <!-- extentreports.LearnExtentReports -->
