<?xml version="1.0" encoding="UTF-8"?>
<!-- Generated by org.testng.reporters.JUnitReportReporter -->
<testsuite hostname="Abhijith" failures="0" tests="1" name="demo.Sample" time="0.012" errors="0" timestamp="2025-03-22T13:36:20 IST" skipped="0">
  <testcase classname="demo.Sample" name="demo" time="0.012"/>
  <system-out>
    <![CDATA[Sample class executed]]>
  </system-out>
</testsuite> <!-- demo.Sample -->
