<?xml version="1.0" encoding="UTF-8"?>
<!-- Generated by org.testng.reporters.JUnitReportReporter -->
<testsuite hostname="Abhijith" failures="0" tests="1" name="extentreports.AddScreenshotIntoReport" time="5.856" errors="0" timestamp="2025-03-23T10:54:22 IST" skipped="0">
  <testcase classname="extentreports.AddScreenshotIntoReport" name="addScreenshot" time="5.856"/>
  <system-out/>
</testsuite> <!-- extentreports.AddScreenshotIntoReport -->
